<?xml version="1.0" encoding="UTF-8"?>
<!-- Generated by org.testng.reporters.JUnitXMLReporter -->
<testsuite hostname="SUNIS" ignored="0" name="Test" tests="5" failures="1" timestamp="29 Mar 2019 09:53:19 GMT" time="72.776" errors="0">
  <testcase name="loginTestOp" time="3.08" classname="com.xforce.testscripts.LoginTest">
    <failure type="java.lang.AssertionError" message="expected [true] but found [false]">
      <![CDATA[java.lang.AssertionError: expected [true] but found [false]
at com.xforce.testscripts.LoginTest.loginTestOp(LoginTest.java:31)
... Removed 29 stack frames]]>
    </failure>
  </testcase> <!-- loginTestOp -->
  <testcase name="resetButtonTest" time="0.587" classname="com.xforce.testscripts.LoginTest"/>
  <testcase name="withDrawEleTest" time="6.095" classname="com.xforce.testscripts.WithDrawTest"/>
  <testcase name="withDrawEleTest" time="6.832" classname="com.xforce.testscripts.WithDrawTest"/>
  <testcase name="withDrawEleTest" time="7.163" classname="com.xforce.testscripts.WithDrawTest"/>
</testsuite> <!-- Test -->
