<?xml version="1.0" encoding="UTF-8"?>
<!-- Generated by org.testng.reporters.JUnitXMLReporter -->
<testsuite hostname="SUNIS" ignored="0" name="Test" tests="5" failures="0" timestamp="01 Apr 2019 14:35:18 GMT" time="134.384" errors="0">
  <testcase name="loginTestOp" time="5.199" classname="com.xforce.testscripts.LoginTest"/>
  <testcase name="resetButtonTest" time="4.058" classname="com.xforce.testscripts.LoginTest"/>
  <testcase name="withDrawEleTest" time="18.773" classname="com.xforce.testscripts.WithDrawTest"/>
  <testcase name="withDrawEleTest" time="15.731" classname="com.xforce.testscripts.WithDrawTest"/>
  <testcase name="withDrawEleTest" time="17.974" classname="com.xforce.testscripts.WithDrawTest"/>
</testsuite> <!-- Test -->
